<?xml version="1.0" encoding="UTF-8" standalone="yes"?>
<testsuites name="Bookings" time="25" tests="0" failures="0" errors="1">
    <testsuite name="Bookings" tests="0" failures="0" errors="1" time="25" timestamp="2019-08-19 20:41:24" hostname="DAPL-Asset-180 - DAPL-Asset-180" id="Test Suites/Bookings">
        <properties>
            <property name="deviceName" value=""/>
            <property name="devicePlatform" value=""/>
            <property name="logFolder" value="C:\\Users\\DAPL-Asset-180\\Desktop\\project folder\\Workilo\\WorkiloAutomation(14.8.19)\\Reports\\Bookings\\20190819_204118"/>
            <property name="logFiles" value="C:\\Users\\DAPL-Asset-180\\Desktop\\project folder\\Workilo\\WorkiloAutomation(14.8.19)\\Reports\\Bookings\\20190819_204118\\execution0.log"/>
            <property name="attachments" value=""/>
            <property name="hostName" value="DAPL-Asset-180 - DAPL-Asset-180"/>
            <property name="hostAddress" value="192.168.1.188"/>
            <property name="os" value="Windows 8.1 64bit"/>
            <property name="katalonVersion" value="6.2.1.2"/>
        </properties>
        <testcase name="Test Cases/Workilo/Bookings/ServiceProvider/AcceptedOrder" classname="Test Cases/Workilo/Bookings/ServiceProvider/AcceptedOrder" status="ERROR">
            <error type="ERROR" message="Test Cases/Workilo/Bookings/ServiceProvider/AcceptedOrder FAILED.&#xA;Reason:&#xA;java.io.IOException: Destination 'C:\Users\DAPL-Asset-271\Desktop\WorkiloautomationScreenshot' directory cannot be created&#xD;&#xA;&#x9;at org.apache.commons.io.FileUtils.copyFile(FileUtils.java:1085)&#xD;&#xA;&#x9;at org.apache.commons.io.FileUtils.copyFile(FileUtils.java:1038)&#xD;&#xA;&#x9;at org.apache.commons.io.FileUtils$copyFile.call(Unknown Source)&#xD;&#xA;&#x9;at AcceptedOrder.run(AcceptedOrder:178)&#xD;&#xA;&#x9;at com.kms.katalon.core.main.ScriptEngine.run(ScriptEngine.java:194)&#xD;&#xA;&#x9;at com.kms.katalon.core.main.ScriptEngine.runScriptAsRawText(ScriptEngine.java:119)&#xD;&#xA;&#x9;at com.kms.katalon.core.main.TestCaseExecutor.runScript(TestCaseExecutor.java:337)&#xD;&#xA;&#x9;at com.kms.katalon.core.main.TestCaseExecutor.doExecute(TestCaseExecutor.java:328)&#xD;&#xA;&#x9;at com.kms.katalon.core.main.TestCaseExecutor.processExecutionPhase(TestCaseExecutor.java:307)&#xD;&#xA;&#x9;at com.kms.katalon.core.main.TestCaseExecutor.accessMainPhase(TestCaseExecutor.java:299)&#xD;&#xA;&#x9;at com.kms.katalon.core.main.TestCaseExecutor.execute(TestCaseExecutor.java:233)&#xD;&#xA;&#x9;at com.kms.katalon.core.main.TestSuiteExecutor.accessTestCaseMainPhase(TestSuiteExecutor.java:133)&#xD;&#xA;&#x9;at com.kms.katalon.core.main.TestSuiteExecutor.accessTestSuiteMainPhase(TestSuiteExecutor.java:116)&#xD;&#xA;&#x9;at com.kms.katalon.core.main.TestSuiteExecutor.execute(TestSuiteExecutor.java:83)&#xD;&#xA;&#x9;at com.kms.katalon.core.main.TestCaseMain.startTestSuite(TestCaseMain.java:157)&#xD;&#xA;&#x9;at com.kms.katalon.core.main.TestCaseMain$startTestSuite$0.call(Unknown Source)&#xD;&#xA;&#x9;at TempTestSuite1566227478735.run(TempTestSuite1566227478735.groovy:35)&#xD;&#xA;"/>
            <system-out>2019-08-19 20:41:24 - [TEST_CASE][ERROR] - Test Cases/Workilo/Bookings/ServiceProvider/AcceptedOrder: Test Cases/Workilo/Bookings/ServiceProvider/AcceptedOrder FAILED.
Reason:
java.io.IOException: Destination 'C:\Users\DAPL-Asset-271\Desktop\WorkiloautomationScreenshot' directory cannot be created&#xD;
	at org.apache.commons.io.FileUtils.copyFile(FileUtils.java:1085)&#xD;
	at org.apache.commons.io.FileUtils.copyFile(FileUtils.java:1038)&#xD;
	at org.apache.commons.io.FileUtils$copyFile.call(Unknown Source)&#xD;
	at AcceptedOrder.run(AcceptedOrder:178)&#xD;
	at com.kms.katalon.core.main.ScriptEngine.run(ScriptEngine.java:194)&#xD;
	at com.kms.katalon.core.main.ScriptEngine.runScriptAsRawText(ScriptEngine.java:119)&#xD;
	at com.kms.katalon.core.main.TestCaseExecutor.runScript(TestCaseExecutor.java:337)&#xD;
	at com.kms.katalon.core.main.TestCaseExecutor.doExecute(TestCaseExecutor.java:328)&#xD;
	at com.kms.katalon.core.main.TestCaseExecutor.processExecutionPhase(TestCaseExecutor.java:307)&#xD;
	at com.kms.katalon.core.main.TestCaseExecutor.accessMainPhase(TestCaseExecutor.java:299)&#xD;
	at com.kms.katalon.core.main.TestCaseExecutor.execute(TestCaseExecutor.java:233)&#xD;
	at com.kms.katalon.core.main.TestSuiteExecutor.accessTestCaseMainPhase(TestSuiteExecutor.java:133)&#xD;
	at com.kms.katalon.core.main.TestSuiteExecutor.accessTestSuiteMainPhase(TestSuiteExecutor.java:116)&#xD;
	at com.kms.katalon.core.main.TestSuiteExecutor.execute(TestSuiteExecutor.java:83)&#xD;
	at com.kms.katalon.core.main.TestCaseMain.startTestSuite(TestCaseMain.java:157)&#xD;
	at com.kms.katalon.core.main.TestCaseMain$startTestSuite$0.call(Unknown Source)&#xD;
	at TempTestSuite1566227478735.run(TempTestSuite1566227478735.groovy:35)&#xD;
&#xD;
&#xD;
2019-08-19 20:41:26 - [TEST_STEP][PASSED] - System.setProperty("webdriver.chrome.driver", chromePath): null&#xD;
&#xD;
2019-08-19 20:41:26 - [TEST_STEP][PASSED] - driver = new org.openqa.selenium.chrome.ChromeDriver(): null&#xD;
&#xD;
2019-08-19 20:41:30 - [TEST_STEP][PASSED] - window().maximize(): null&#xD;
&#xD;
2019-08-19 20:41:31 - [TEST_STEP][PASSED] - driver.get("http://workilo.com"): null&#xD;
&#xD;
2019-08-19 20:41:47 - [TEST_STEP][PASSED] - timeouts().implicitlyWait(30, SECONDS): null&#xD;
&#xD;
2019-08-19 20:41:47 - [TEST_STEP][PASSED] - try: null&#xD;
&#xD;
2019-08-19 20:41:47 - [TEST_STEP][PASSED] - linkText("Log In")).click(): null&#xD;
&#xD;
2019-08-19 20:41:47 - [TEST_STEP][PASSED] - Thread.sleep(2000): null&#xD;
&#xD;
2019-08-19 20:41:49 - [TEST_STEP][PASSED] - id("email_login")).sendkeys("testworkilo@gmail.com"): null&#xD;
&#xD;
2019-08-19 20:41:49 - [TEST_STEP][PASSED] - catch (Exception e): null&#xD;
&#xD;
2019-08-19 20:41:49 - [TEST_STEP][PASSED] - src = driver.getScreenshotAs(FILE): null&#xD;
&#xD;
2019-08-19 20:41:50 - [TEST_STEP][PASSED] - FileUtils.copyFile(src, new java.io.File(((C:\Users\DAPL-Asset-271\Desktop\WorkiloautomationScreenshot\servProvAcceptedOrder + java.lang.System.currentTimeMillis()) + .png))): null</system-out>
            <system-err>2019-08-19 20:41:24 - [TEST_CASE][ERROR] - Test Cases/Workilo/Bookings/ServiceProvider/AcceptedOrder: Test Cases/Workilo/Bookings/ServiceProvider/AcceptedOrder FAILED.
Reason:
java.io.IOException: Destination 'C:\Users\DAPL-Asset-271\Desktop\WorkiloautomationScreenshot' directory cannot be created&#xD;
	at org.apache.commons.io.FileUtils.copyFile(FileUtils.java:1085)&#xD;
	at org.apache.commons.io.FileUtils.copyFile(FileUtils.java:1038)&#xD;
	at org.apache.commons.io.FileUtils$copyFile.call(Unknown Source)&#xD;
	at AcceptedOrder.run(AcceptedOrder:178)&#xD;
	at com.kms.katalon.core.main.ScriptEngine.run(ScriptEngine.java:194)&#xD;
	at com.kms.katalon.core.main.ScriptEngine.runScriptAsRawText(ScriptEngine.java:119)&#xD;
	at com.kms.katalon.core.main.TestCaseExecutor.runScript(TestCaseExecutor.java:337)&#xD;
	at com.kms.katalon.core.main.TestCaseExecutor.doExecute(TestCaseExecutor.java:328)&#xD;
	at com.kms.katalon.core.main.TestCaseExecutor.processExecutionPhase(TestCaseExecutor.java:307)&#xD;
	at com.kms.katalon.core.main.TestCaseExecutor.accessMainPhase(TestCaseExecutor.java:299)&#xD;
	at com.kms.katalon.core.main.TestCaseExecutor.execute(TestCaseExecutor.java:233)&#xD;
	at com.kms.katalon.core.main.TestSuiteExecutor.accessTestCaseMainPhase(TestSuiteExecutor.java:133)&#xD;
	at com.kms.katalon.core.main.TestSuiteExecutor.accessTestSuiteMainPhase(TestSuiteExecutor.java:116)&#xD;
	at com.kms.katalon.core.main.TestSuiteExecutor.execute(TestSuiteExecutor.java:83)&#xD;
	at com.kms.katalon.core.main.TestCaseMain.startTestSuite(TestCaseMain.java:157)&#xD;
	at com.kms.katalon.core.main.TestCaseMain$startTestSuite$0.call(Unknown Source)&#xD;
	at TempTestSuite1566227478735.run(TempTestSuite1566227478735.groovy:35)</system-err>
        </testcase>
        <system-out>2019-08-19 20:41:24 - [TEST_SUITE][INCOMPLETE] - Bookings: null</system-out>
        <system-err>2019-08-19 20:41:24 - [TEST_SUITE][INCOMPLETE] - Bookings: null</system-err>
    </testsuite>
</testsuites>
