<?xml version="1.0" encoding="UTF-8" standalone="yes"?>
<testsuites name="Listing" time="68" tests="0" failures="0" errors="2">
    <testsuite name="Listing" tests="0" failures="0" errors="2" time="68" timestamp="2019-08-23 16:05:34" hostname="DAPL-Asset-180 - DAPL-Asset-180" id="Test Suites/Listing">
        <properties>
            <property name="deviceName" value=""/>
            <property name="devicePlatform" value=""/>
            <property name="logFolder" value="C:\\Users\\DAPL-Asset-180\\Desktop\\project folder\\Workilo\\WorkiloAutomation(14.8.19)\\Reports\\Listing\\20190823_160531"/>
            <property name="logFiles" value="C:\\Users\\DAPL-Asset-180\\Desktop\\project folder\\Workilo\\WorkiloAutomation(14.8.19)\\Reports\\Listing\\20190823_160531\\execution0.log"/>
            <property name="attachments" value=""/>
            <property name="hostName" value="DAPL-Asset-180 - DAPL-Asset-180"/>
            <property name="hostAddress" value="192.168.1.188"/>
            <property name="os" value="Windows 8.1 64bit"/>
            <property name="katalonVersion" value="6.2.1.2"/>
        </properties>
        <testcase name="Test Cases/Workilo/Listing/CreateShopNewUser/CreateShop" classname="Test Cases/Workilo/Listing/CreateShopNewUser/CreateShop" status="ERROR">
            <error type="ERROR" message="Test Cases/Workilo/Listing/CreateShopNewUser/CreateShop FAILED.&#xA;Reason:&#xA;java.io.IOException: Destination 'C:\Users\DAT-161\Desktop\workiloScreenshot' directory cannot be created&#xD;&#xA;&#x9;at org.apache.commons.io.FileUtils.copyFile(FileUtils.java:1085)&#xD;&#xA;&#x9;at org.apache.commons.io.FileUtils.copyFile(FileUtils.java:1038)&#xD;&#xA;&#x9;at org.apache.commons.io.FileUtils$copyFile.call(Unknown Source)&#xD;&#xA;&#x9;at CreateShop.run(CreateShop:145)&#xD;&#xA;&#x9;at com.kms.katalon.core.main.ScriptEngine.run(ScriptEngine.java:194)&#xD;&#xA;&#x9;at com.kms.katalon.core.main.ScriptEngine.runScriptAsRawText(ScriptEngine.java:119)&#xD;&#xA;&#x9;at com.kms.katalon.core.main.TestCaseExecutor.runScript(TestCaseExecutor.java:337)&#xD;&#xA;&#x9;at com.kms.katalon.core.main.TestCaseExecutor.doExecute(TestCaseExecutor.java:328)&#xD;&#xA;&#x9;at com.kms.katalon.core.main.TestCaseExecutor.processExecutionPhase(TestCaseExecutor.java:307)&#xD;&#xA;&#x9;at com.kms.katalon.core.main.TestCaseExecutor.accessMainPhase(TestCaseExecutor.java:299)&#xD;&#xA;&#x9;at com.kms.katalon.core.main.TestCaseExecutor.execute(TestCaseExecutor.java:233)&#xD;&#xA;&#x9;at com.kms.katalon.core.main.TestSuiteExecutor.accessTestCaseMainPhase(TestSuiteExecutor.java:133)&#xD;&#xA;&#x9;at com.kms.katalon.core.main.TestSuiteExecutor.accessTestSuiteMainPhase(TestSuiteExecutor.java:116)&#xD;&#xA;&#x9;at com.kms.katalon.core.main.TestSuiteExecutor.execute(TestSuiteExecutor.java:83)&#xD;&#xA;&#x9;at com.kms.katalon.core.main.TestCaseMain.startTestSuite(TestCaseMain.java:157)&#xD;&#xA;&#x9;at com.kms.katalon.core.main.TestCaseMain$startTestSuite$0.call(Unknown Source)&#xD;&#xA;&#x9;at TempTestSuite1566556531044.run(TempTestSuite1566556531044.groovy:35)&#xD;&#xA;"/>
            <system-out>2019-08-23 16:05:35 - [TEST_CASE][ERROR] - Test Cases/Workilo/Listing/CreateShopNewUser/CreateShop: Test Cases/Workilo/Listing/CreateShopNewUser/CreateShop FAILED.
Reason:
java.io.IOException: Destination 'C:\Users\DAT-161\Desktop\workiloScreenshot' directory cannot be created&#xD;
	at org.apache.commons.io.FileUtils.copyFile(FileUtils.java:1085)&#xD;
	at org.apache.commons.io.FileUtils.copyFile(FileUtils.java:1038)&#xD;
	at org.apache.commons.io.FileUtils$copyFile.call(Unknown Source)&#xD;
	at CreateShop.run(CreateShop:145)&#xD;
	at com.kms.katalon.core.main.ScriptEngine.run(ScriptEngine.java:194)&#xD;
	at com.kms.katalon.core.main.ScriptEngine.runScriptAsRawText(ScriptEngine.java:119)&#xD;
	at com.kms.katalon.core.main.TestCaseExecutor.runScript(TestCaseExecutor.java:337)&#xD;
	at com.kms.katalon.core.main.TestCaseExecutor.doExecute(TestCaseExecutor.java:328)&#xD;
	at com.kms.katalon.core.main.TestCaseExecutor.processExecutionPhase(TestCaseExecutor.java:307)&#xD;
	at com.kms.katalon.core.main.TestCaseExecutor.accessMainPhase(TestCaseExecutor.java:299)&#xD;
	at com.kms.katalon.core.main.TestCaseExecutor.execute(TestCaseExecutor.java:233)&#xD;
	at com.kms.katalon.core.main.TestSuiteExecutor.accessTestCaseMainPhase(TestSuiteExecutor.java:133)&#xD;
	at com.kms.katalon.core.main.TestSuiteExecutor.accessTestSuiteMainPhase(TestSuiteExecutor.java:116)&#xD;
	at com.kms.katalon.core.main.TestSuiteExecutor.execute(TestSuiteExecutor.java:83)&#xD;
	at com.kms.katalon.core.main.TestCaseMain.startTestSuite(TestCaseMain.java:157)&#xD;
	at com.kms.katalon.core.main.TestCaseMain$startTestSuite$0.call(Unknown Source)&#xD;
	at TempTestSuite1566556531044.run(TempTestSuite1566556531044.groovy:35)&#xD;
&#xD;
&#xD;
2019-08-23 16:05:36 - [TEST_STEP][PASSED] - System.setProperty("webdriver.chrome.driver", chromePath): null&#xD;
&#xD;
2019-08-23 16:05:36 - [TEST_STEP][PASSED] - driver = new org.openqa.selenium.chrome.ChromeDriver(): null&#xD;
&#xD;
2019-08-23 16:05:39 - [TEST_STEP][PASSED] - window().maximize(): null&#xD;
&#xD;
2019-08-23 16:05:40 - [TEST_STEP][PASSED] - driver.get("http://workilo.com"): null&#xD;
&#xD;
2019-08-23 16:05:48 - [TEST_STEP][PASSED] - timeouts().implicitlyWait(30, SECONDS): null&#xD;
&#xD;
2019-08-23 16:05:48 - [TEST_STEP][PASSED] - js = driver: null&#xD;
&#xD;
2019-08-23 16:05:48 - [TEST_STEP][PASSED] - try: null&#xD;
&#xD;
2019-08-23 16:05:48 - [TEST_STEP][PASSED] - linkText("Log In")).click(): null&#xD;
&#xD;
2019-08-23 16:05:49 - [TEST_STEP][PASSED] - Thread.sleep(2000): null&#xD;
&#xD;
2019-08-23 16:05:51 - [TEST_STEP][PASSED] - id("email_login")).sendKeys("worker@gmail.com"): null&#xD;
&#xD;
2019-08-23 16:05:51 - [TEST_STEP][PASSED] - id("password_login")).sendKeys("admin#123"): null&#xD;
&#xD;
2019-08-23 16:05:51 - [TEST_STEP][PASSED] - //*[@value='Log in']")).click(): null&#xD;
&#xD;
2019-08-23 16:05:51 - [TEST_STEP][PASSED] - Thread.sleep(3000): null&#xD;
&#xD;
2019-08-23 16:05:54 - [TEST_STEP][PASSED] - id("imgInp")).sendKeys("C:\Users\DAT-161\Desktop\ImageUpload\profileImg.jpg"): null&#xD;
&#xD;
2019-08-23 16:05:54 - [TEST_STEP][PASSED] - catch (Exception e): null&#xD;
&#xD;
2019-08-23 16:05:54 - [TEST_STEP][PASSED] - src = driver.getScreenshotAs(FILE): null&#xD;
&#xD;
2019-08-23 16:05:55 - [TEST_STEP][PASSED] - FileUtils.copyFile(src, new java.io.File(((C:\Users\DAT-161\Desktop\workiloScreenshot\addListing + java.lang.System.currentTimeMillis()) + .png))): null</system-out>
            <system-err>2019-08-23 16:05:35 - [TEST_CASE][ERROR] - Test Cases/Workilo/Listing/CreateShopNewUser/CreateShop: Test Cases/Workilo/Listing/CreateShopNewUser/CreateShop FAILED.
Reason:
java.io.IOException: Destination 'C:\Users\DAT-161\Desktop\workiloScreenshot' directory cannot be created&#xD;
	at org.apache.commons.io.FileUtils.copyFile(FileUtils.java:1085)&#xD;
	at org.apache.commons.io.FileUtils.copyFile(FileUtils.java:1038)&#xD;
	at org.apache.commons.io.FileUtils$copyFile.call(Unknown Source)&#xD;
	at CreateShop.run(CreateShop:145)&#xD;
	at com.kms.katalon.core.main.ScriptEngine.run(ScriptEngine.java:194)&#xD;
	at com.kms.katalon.core.main.ScriptEngine.runScriptAsRawText(ScriptEngine.java:119)&#xD;
	at com.kms.katalon.core.main.TestCaseExecutor.runScript(TestCaseExecutor.java:337)&#xD;
	at com.kms.katalon.core.main.TestCaseExecutor.doExecute(TestCaseExecutor.java:328)&#xD;
	at com.kms.katalon.core.main.TestCaseExecutor.processExecutionPhase(TestCaseExecutor.java:307)&#xD;
	at com.kms.katalon.core.main.TestCaseExecutor.accessMainPhase(TestCaseExecutor.java:299)&#xD;
	at com.kms.katalon.core.main.TestCaseExecutor.execute(TestCaseExecutor.java:233)&#xD;
	at com.kms.katalon.core.main.TestSuiteExecutor.accessTestCaseMainPhase(TestSuiteExecutor.java:133)&#xD;
	at com.kms.katalon.core.main.TestSuiteExecutor.accessTestSuiteMainPhase(TestSuiteExecutor.java:116)&#xD;
	at com.kms.katalon.core.main.TestSuiteExecutor.execute(TestSuiteExecutor.java:83)&#xD;
	at com.kms.katalon.core.main.TestCaseMain.startTestSuite(TestCaseMain.java:157)&#xD;
	at com.kms.katalon.core.main.TestCaseMain$startTestSuite$0.call(Unknown Source)&#xD;
	at TempTestSuite1566556531044.run(TempTestSuite1566556531044.groovy:35)</system-err>
        </testcase>
        <testcase name="Test Cases/Workilo/Listing/Edit Listing/EditListing" classname="Test Cases/Workilo/Listing/Edit Listing/EditListing" status="ERROR">
            <error type="ERROR" message="Test Cases/Workilo/Listing/Edit Listing/EditListing FAILED.&#xA;Reason:&#xA;groovy.lang.MissingPropertyException: No such property: OutputType for class: Script1563542541129&#xD;&#xA;&#x9;at EditListing.run(EditListing:100)&#xD;&#xA;&#x9;at com.kms.katalon.core.main.ScriptEngine.run(ScriptEngine.java:194)&#xD;&#xA;&#x9;at com.kms.katalon.core.main.ScriptEngine.runScriptAsRawText(ScriptEngine.java:119)&#xD;&#xA;&#x9;at com.kms.katalon.core.main.TestCaseExecutor.runScript(TestCaseExecutor.java:337)&#xD;&#xA;&#x9;at com.kms.katalon.core.main.TestCaseExecutor.doExecute(TestCaseExecutor.java:328)&#xD;&#xA;&#x9;at com.kms.katalon.core.main.TestCaseExecutor.processExecutionPhase(TestCaseExecutor.java:307)&#xD;&#xA;&#x9;at com.kms.katalon.core.main.TestCaseExecutor.accessMainPhase(TestCaseExecutor.java:299)&#xD;&#xA;&#x9;at com.kms.katalon.core.main.TestCaseExecutor.execute(TestCaseExecutor.java:233)&#xD;&#xA;&#x9;at com.kms.katalon.core.main.TestSuiteExecutor.accessTestCaseMainPhase(TestSuiteExecutor.java:133)&#xD;&#xA;&#x9;at com.kms.katalon.core.main.TestSuiteExecutor.accessTestSuiteMainPhase(TestSuiteExecutor.java:116)&#xD;&#xA;&#x9;at com.kms.katalon.core.main.TestSuiteExecutor.execute(TestSuiteExecutor.java:83)&#xD;&#xA;&#x9;at com.kms.katalon.core.main.TestCaseMain.startTestSuite(TestCaseMain.java:157)&#xD;&#xA;&#x9;at com.kms.katalon.core.main.TestCaseMain$startTestSuite$0.call(Unknown Source)&#xD;&#xA;&#x9;at TempTestSuite1566556531044.run(TempTestSuite1566556531044.groovy:35)&#xD;&#xA;"/>
            <system-out>2019-08-23 16:05:55 - [TEST_CASE][ERROR] - Test Cases/Workilo/Listing/Edit Listing/EditListing: Test Cases/Workilo/Listing/Edit Listing/EditListing FAILED.
Reason:
groovy.lang.MissingPropertyException: No such property: OutputType for class: Script1563542541129&#xD;
	at EditListing.run(EditListing:100)&#xD;
	at com.kms.katalon.core.main.ScriptEngine.run(ScriptEngine.java:194)&#xD;
	at com.kms.katalon.core.main.ScriptEngine.runScriptAsRawText(ScriptEngine.java:119)&#xD;
	at com.kms.katalon.core.main.TestCaseExecutor.runScript(TestCaseExecutor.java:337)&#xD;
	at com.kms.katalon.core.main.TestCaseExecutor.doExecute(TestCaseExecutor.java:328)&#xD;
	at com.kms.katalon.core.main.TestCaseExecutor.processExecutionPhase(TestCaseExecutor.java:307)&#xD;
	at com.kms.katalon.core.main.TestCaseExecutor.accessMainPhase(TestCaseExecutor.java:299)&#xD;
	at com.kms.katalon.core.main.TestCaseExecutor.execute(TestCaseExecutor.java:233)&#xD;
	at com.kms.katalon.core.main.TestSuiteExecutor.accessTestCaseMainPhase(TestSuiteExecutor.java:133)&#xD;
	at com.kms.katalon.core.main.TestSuiteExecutor.accessTestSuiteMainPhase(TestSuiteExecutor.java:116)&#xD;
	at com.kms.katalon.core.main.TestSuiteExecutor.execute(TestSuiteExecutor.java:83)&#xD;
	at com.kms.katalon.core.main.TestCaseMain.startTestSuite(TestCaseMain.java:157)&#xD;
	at com.kms.katalon.core.main.TestCaseMain$startTestSuite$0.call(Unknown Source)&#xD;
	at TempTestSuite1566556531044.run(TempTestSuite1566556531044.groovy:35)&#xD;
&#xD;
&#xD;
2019-08-23 16:05:55 - [TEST_STEP][PASSED] - System.setProperty("webdriver.chrome.driver", chromePath): null&#xD;
&#xD;
2019-08-23 16:05:55 - [TEST_STEP][PASSED] - driver = new org.openqa.selenium.chrome.ChromeDriver(): null&#xD;
&#xD;
2019-08-23 16:05:58 - [TEST_STEP][PASSED] - window().maximize(): null&#xD;
&#xD;
2019-08-23 16:05:59 - [TEST_STEP][PASSED] - driver.get("http://workilo.com"): null&#xD;
&#xD;
2019-08-23 16:06:07 - [TEST_STEP][PASSED] - timeouts().implicitlyWait(30, SECONDS): null&#xD;
&#xD;
2019-08-23 16:06:07 - [TEST_STEP][PASSED] - try: null&#xD;
&#xD;
2019-08-23 16:06:07 - [TEST_STEP][PASSED] - linkText("Log In")).click(): null&#xD;
&#xD;
2019-08-23 16:06:07 - [TEST_STEP][PASSED] - Thread.sleep(2000): null&#xD;
&#xD;
2019-08-23 16:06:09 - [TEST_STEP][PASSED] - id("email_login")).sendKeys("testworkilo@gmail.com"): null&#xD;
&#xD;
2019-08-23 16:06:09 - [TEST_STEP][PASSED] - id("password_login")).sendKeys("admin#123"): null&#xD;
&#xD;
2019-08-23 16:06:09 - [TEST_STEP][PASSED] - //*[@value='Log in']")).click(): null&#xD;
&#xD;
2019-08-23 16:06:10 - [TEST_STEP][PASSED] - Thread.sleep(3000): null&#xD;
&#xD;
2019-08-23 16:06:13 - [TEST_STEP][PASSED] - xpath("/html/body/header/div/span[1]")).click(): null&#xD;
&#xD;
2019-08-23 16:06:43 - [TEST_STEP][PASSED] - catch (Exception e): null&#xD;
&#xD;
2019-08-23 16:06:43 - [TEST_STEP][PASSED] - src = driver.getScreenshotAs(FILE): null</system-out>
            <system-err>2019-08-23 16:05:55 - [TEST_CASE][ERROR] - Test Cases/Workilo/Listing/Edit Listing/EditListing: Test Cases/Workilo/Listing/Edit Listing/EditListing FAILED.
Reason:
groovy.lang.MissingPropertyException: No such property: OutputType for class: Script1563542541129&#xD;
	at EditListing.run(EditListing:100)&#xD;
	at com.kms.katalon.core.main.ScriptEngine.run(ScriptEngine.java:194)&#xD;
	at com.kms.katalon.core.main.ScriptEngine.runScriptAsRawText(ScriptEngine.java:119)&#xD;
	at com.kms.katalon.core.main.TestCaseExecutor.runScript(TestCaseExecutor.java:337)&#xD;
	at com.kms.katalon.core.main.TestCaseExecutor.doExecute(TestCaseExecutor.java:328)&#xD;
	at com.kms.katalon.core.main.TestCaseExecutor.processExecutionPhase(TestCaseExecutor.java:307)&#xD;
	at com.kms.katalon.core.main.TestCaseExecutor.accessMainPhase(TestCaseExecutor.java:299)&#xD;
	at com.kms.katalon.core.main.TestCaseExecutor.execute(TestCaseExecutor.java:233)&#xD;
	at com.kms.katalon.core.main.TestSuiteExecutor.accessTestCaseMainPhase(TestSuiteExecutor.java:133)&#xD;
	at com.kms.katalon.core.main.TestSuiteExecutor.accessTestSuiteMainPhase(TestSuiteExecutor.java:116)&#xD;
	at com.kms.katalon.core.main.TestSuiteExecutor.execute(TestSuiteExecutor.java:83)&#xD;
	at com.kms.katalon.core.main.TestCaseMain.startTestSuite(TestCaseMain.java:157)&#xD;
	at com.kms.katalon.core.main.TestCaseMain$startTestSuite$0.call(Unknown Source)&#xD;
	at TempTestSuite1566556531044.run(TempTestSuite1566556531044.groovy:35)</system-err>
        </testcase>
        <system-out>2019-08-23 16:05:34 - [TEST_SUITE][INCOMPLETE] - Listing: null</system-out>
        <system-err>2019-08-23 16:05:34 - [TEST_SUITE][INCOMPLETE] - Listing: null</system-err>
    </testsuite>
</testsuites>
